<?xml version="1.0" encoding="UTF-8"?>
<testng-results ignored="0" total="1" passed="1" failed="0" skipped="0">
  <reporter-output>
  </reporter-output>
  <suite started-at="2021-03-27T14:11:54Z" name="Default suite" finished-at="2021-03-27T14:12:31Z" duration-ms="36826">
    <groups>
    </groups>
    <test started-at="2021-03-27T14:11:54Z" name="Default test" finished-at="2021-03-27T14:12:31Z" duration-ms="36826">
      <class name="com.moondesk.test.UserTestSignIn">
        <test-method is-config="true" signature="setUp()[pri:0, instance:com.moondesk.test.UserTestSignIn@15a04efb]" started-at="2021-03-27T14:11:54Z" name="setUp" finished-at="2021-03-27T14:11:55Z" duration-ms="721" status="PASS">
          <reporter-output>
          </reporter-output>
        </test-method> <!-- setUp -->
        <test-method is-config="true" signature="goToLogin()[pri:0, instance:com.moondesk.test.UserTestSignIn@15a04efb]" started-at="2021-03-27T14:11:55Z" name="goToLogin" finished-at="2021-03-27T14:12:28Z" duration-ms="32850" status="PASS">
          <reporter-output>
          </reporter-output>
        </test-method> <!-- goToLogin -->
        <test-method signature="loginAccountNotVerified()[pri:0, instance:com.moondesk.test.UserTestSignIn@15a04efb]" started-at="2021-03-27T14:12:28Z" name="loginAccountNotVerified" finished-at="2021-03-27T14:12:31Z" duration-ms="3238" status="PASS">
          <reporter-output>
          </reporter-output>
        </test-method> <!-- loginAccountNotVerified -->
      </class> <!-- com.moondesk.test.UserTestSignIn -->
    </test> <!-- Default test -->
  </suite> <!-- Default suite -->
</testng-results>
