<?xml version="1.0" encoding="UTF-8"?>
<!-- Generated by org.testng.reporters.JUnitXMLReporter -->
<testsuite ignored="0" hostname="fernando-GL552VW" failures="0" tests="4" name="Command line test" time="17.995" errors="0" timestamp="26 Mar 2021 04:44:27 GMT">
  <testcase classname="com.moondesk.test.UserTest" name="invalidaccount" time="0.497"/>
  <testcase classname="com.moondesk.test.UserTest" name="invaliddata" time="1.182"/>
  <testcase classname="com.moondesk.test.UserTest" name="login" time="3.21"/>
  <testcase classname="com.moondesk.test.UserTest" name="wrongpassword" time="0.758"/>
</testsuite> <!-- Command line test -->
